C:\USERS\RICHARD\DESKTOP\PROGRESSIVEPHOTONMAPPING\PROGRESSIVEPHOTONMAPPING\RELEASE\BVH.OBJ
C:\Users\Richard\Desktop\ProgressivePhotonMapping\ProgressivePhotonMapping\Release\cl.command.1.tlog
C:\Users\Richard\Desktop\ProgressivePhotonMapping\ProgressivePhotonMapping\Release\CL.read.1.tlog
C:\Users\Richard\Desktop\ProgressivePhotonMapping\ProgressivePhotonMapping\Release\CL.write.1.tlog
C:\Users\Richard\Desktop\ProgressivePhotonMapping\ProgressivePhotonMapping\Release\link.command.1.tlog
C:\Users\Richard\Desktop\ProgressivePhotonMapping\ProgressivePhotonMapping\Release\link.read.1.tlog
C:\Users\Richard\Desktop\ProgressivePhotonMapping\ProgressivePhotonMapping\Release\link.write.1.tlog
C:\Users\Richard\Desktop\ProgressivePhotonMapping\ProgressivePhotonMapping\Release\mt.command.1.tlog
C:\Users\Richard\Desktop\ProgressivePhotonMapping\ProgressivePhotonMapping\Release\mt.read.1.tlog
C:\Users\Richard\Desktop\ProgressivePhotonMapping\ProgressivePhotonMapping\Release\mt.write.1.tlog
C:\USERS\RICHARD\DESKTOP\PROGRESSIVEPHOTONMAPPING\PROGRESSIVEPHOTONMAPPING\RELEASE\OBJMODEL.OBJ
C:\USERS\RICHARD\DESKTOP\PROGRESSIVEPHOTONMAPPING\PROGRESSIVEPHOTONMAPPING\RELEASE\ONB.OBJ
C:\USERS\RICHARD\DESKTOP\PROGRESSIVEPHOTONMAPPING\PROGRESSIVEPHOTONMAPPING\RELEASE\PHOTONMAP.OBJ
C:\USERS\RICHARD\DESKTOP\PROGRESSIVEPHOTONMAPPING\PROGRESSIVEPHOTONMAPPING\RELEASE\PROGRESSIVEPHOTONMAPPING.EXE.INTERMEDIATE.MANIFEST
C:\USERS\RICHARD\DESKTOP\PROGRESSIVEPHOTONMAPPING\PROGRESSIVEPHOTONMAPPING\RELEASE\PROGRESSIVEPHOTONMAPPING.OBJ
C:\USERS\RICHARD\DESKTOP\PROGRESSIVEPHOTONMAPPING\PROGRESSIVEPHOTONMAPPING\RELEASE\SCENE.OBJ
C:\USERS\RICHARD\DESKTOP\PROGRESSIVEPHOTONMAPPING\PROGRESSIVEPHOTONMAPPING\RELEASE\TRIANGLE.OBJ
C:\USERS\RICHARD\DESKTOP\PROGRESSIVEPHOTONMAPPING\PROGRESSIVEPHOTONMAPPING\RELEASE\VC100.PDB
C:\USERS\RICHARD\DESKTOP\PROGRESSIVEPHOTONMAPPING\PROGRESSIVEPHOTONMAPPING\RELEASE\VOLUMEPHOTONMAP.OBJ
C:\USERS\RICHARD\DESKTOP\PROGRESSIVEPHOTONMAPPING\RELEASE\PROGRESSIVEPHOTONMAPPING.EXE
C:\USERS\RICHARD\DESKTOP\PROGRESSIVEPHOTONMAPPING\RELEASE\PROGRESSIVEPHOTONMAPPING.PDB
C:\USERS\RICHARD\DOCUMENTS\VISUAL STUDIO 2010\PROJECTS\PROGRESSIVEPHOTONMAPPING\PROGRESSIVEPHOTONMAPPING\RELEASE\BVH.OBJ
C:\USERS\RICHARD\DOCUMENTS\VISUAL STUDIO 2010\PROJECTS\PROGRESSIVEPHOTONMAPPING\PROGRESSIVEPHOTONMAPPING\RELEASE\OBJMODEL.OBJ
C:\USERS\RICHARD\DOCUMENTS\VISUAL STUDIO 2010\PROJECTS\PROGRESSIVEPHOTONMAPPING\PROGRESSIVEPHOTONMAPPING\RELEASE\ONB.OBJ
C:\USERS\RICHARD\DOCUMENTS\VISUAL STUDIO 2010\PROJECTS\PROGRESSIVEPHOTONMAPPING\PROGRESSIVEPHOTONMAPPING\RELEASE\PHOTONMAP.OBJ
C:\USERS\RICHARD\DOCUMENTS\VISUAL STUDIO 2010\PROJECTS\PROGRESSIVEPHOTONMAPPING\PROGRESSIVEPHOTONMAPPING\RELEASE\PROGRESSIVEPHOTONMAPPING.EXE.INTERMEDIATE.MANIFEST
C:\USERS\RICHARD\DOCUMENTS\VISUAL STUDIO 2010\PROJECTS\PROGRESSIVEPHOTONMAPPING\PROGRESSIVEPHOTONMAPPING\RELEASE\PROGRESSIVEPHOTONMAPPING.OBJ
C:\USERS\RICHARD\DOCUMENTS\VISUAL STUDIO 2010\PROJECTS\PROGRESSIVEPHOTONMAPPING\PROGRESSIVEPHOTONMAPPING\RELEASE\SCENE.OBJ
C:\USERS\RICHARD\DOCUMENTS\VISUAL STUDIO 2010\PROJECTS\PROGRESSIVEPHOTONMAPPING\PROGRESSIVEPHOTONMAPPING\RELEASE\TRIANGLE.OBJ
C:\USERS\RICHARD\DOCUMENTS\VISUAL STUDIO 2010\PROJECTS\PROGRESSIVEPHOTONMAPPING\PROGRESSIVEPHOTONMAPPING\RELEASE\VC100.PDB
C:\USERS\RICHARD\DOCUMENTS\VISUAL STUDIO 2010\PROJECTS\PROGRESSIVEPHOTONMAPPING\PROGRESSIVEPHOTONMAPPING\RELEASE\VOLUMEPHOTONMAP.OBJ
C:\USERS\RICHARD\DOCUMENTS\VISUAL STUDIO 2010\PROJECTS\PROGRESSIVEPHOTONMAPPING\RELEASE\PROGRESSIVEPHOTONMAPPING.EXE
C:\USERS\RICHARD\DOCUMENTS\VISUAL STUDIO 2010\PROJECTS\PROGRESSIVEPHOTONMAPPING\RELEASE\PROGRESSIVEPHOTONMAPPING.PDB
